# JRE version: OpenJDK Runtime Environment Microsoft-8035246 (17.0.8+7) (build 17.0.8+7-LTS)
# Java VM: OpenJDK 64-Bit Server VM Microsoft-8035246 (17.0.8+7-LTS, mixed mode, sharing, tiered, compressed oops, compressed class ptrs, g1 gc, windows-amd64)
GC Precious Log:
 CPUs: 8 total, 8 available
 Memory: 8046M
 Large Page Support: Disabled
 NUMA Support: Disabled
 Compressed Oops: Enabled (32-bit)
 Heap Region Size: 1M
 Heap Min Capacity: 8M
 Heap Initial Capacity: 126M
 Heap Max Capacity: 2G
 Pre-touch: Disabled
 Parallel Workers: 8
 Concurrent Workers: 2
 Concurrent Refinement Workers: 8
 Periodic GC: Disabled
Heap:
 garbage-first heap   total 432128K, used 314596K [0x0000000080000000, 0x0000000100000000)
  region size 1024K, 74 young (75776K), 8 survivors (8192K)
 Metaspace       used 109970K, committed 111296K, reserved 557056K
  class space    used 15372K, committed 16000K, reserved 425984K
GC Heap History (20 events):
Event: 32.861 GC heap before
{Heap before GC invocations=40 (full 0):
 garbage-first heap   total 150528K, used 118254K [0x0000000080000000, 0x0000000100000000)
  region size 1024K, 30 young (30720K), 1 survivors (1024K)
 Metaspace       used 72063K, committed 72832K, reserved 491520K
  class space    used 10188K, committed 10560K, reserved 425984K
}
Event: 32.867 GC heap after
{Heap after GC invocations=41 (full 0):
 garbage-first heap   total 432128K, used 90164K [0x0000000080000000, 0x0000000100000000)
  region size 1024K, 1 young (1024K), 1 survivors (1024K)
 Metaspace       used 72063K, committed 72832K, reserved 491520K
  class space    used 10188K, committed 10560K, reserved 425984K
}
Event: 47.236 GC heap before
{Heap before GC invocations=41 (full 0):
 garbage-first heap   total 432128K, used 286772K [0x0000000080000000, 0x0000000100000000)
  region size 1024K, 187 young (191488K), 1 survivors (1024K)
 Metaspace       used 82869K, committed 83712K, reserved 557056K
  class space    used 11616K, committed 12032K, reserved 425984K
}
Event: 47.257 GC heap after
{Heap after GC invocations=42 (full 0):
 garbage-first heap   total 432128K, used 102655K [0x0000000080000000, 0x0000000100000000)
  region size 1024K, 14 young (14336K), 14 survivors (14336K)
 Metaspace       used 82869K, committed 83712K, reserved 557056K
  class space    used 11616K, committed 12032K, reserved 425984K
}
Event: 51.467 GC heap before
{Heap before GC invocations=42 (full 0):
 garbage-first heap   total 432128K, used 315647K [0x0000000080000000, 0x0000000100000000)
  region size 1024K, 217 young (222208K), 14 survivors (14336K)
 Metaspace       used 92520K, committed 93376K, reserved 557056K
  class space    used 13126K, committed 13568K, reserved 425984K
}
Event: 51.522 GC heap after
{Heap after GC invocations=43 (full 0):
 garbage-first heap   total 432128K, used 125878K [0x0000000080000000, 0x0000000100000000)
  region size 1024K, 28 young (28672K), 28 survivors (28672K)
 Metaspace       used 92520K, committed 93376K, reserved 557056K
  class space    used 13126K, committed 13568K, reserved 425984K
}
Event: 55.200 GC heap before
{Heap before GC invocations=43 (full 0):
 garbage-first heap   total 432128K, used 330678K [0x0000000080000000, 0x0000000100000000)
  region size 1024K, 222 young (227328K), 28 survivors (28672K)
 Metaspace       used 96365K, committed 97472K, reserved 557056K
  class space    used 13604K, committed 14144K, reserved 425984K
}
Event: 55.241 GC heap after
{Heap after GC invocations=44 (full 0):
 garbage-first heap   total 432128K, used 163840K [0x0000000080000000, 0x0000000100000000)
  region size 1024K, 28 young (28672K), 28 survivors (28672K)
 Metaspace       used 96365K, committed 97472K, reserved 557056K
  class space    used 13604K, committed 14144K, reserved 425984K
}
Event: 58.555 GC heap before
{Heap before GC invocations=44 (full 0):
 garbage-first heap   total 432128K, used 324608K [0x0000000080000000, 0x0000000100000000)
  region size 1024K, 185 young (189440K), 28 survivors (28672K)
 Metaspace       used 103125K, committed 104256K, reserved 557056K
  class space    used 14520K, committed 15104K, reserved 425984K
}
Event: 58.594 GC heap after
{Heap after GC invocations=45 (full 0):
 garbage-first heap   total 432128K, used 181248K [0x0000000080000000, 0x0000000100000000)
  region size 1024K, 15 young (15360K), 15 survivors (15360K)
 Metaspace       used 103125K, committed 104256K, reserved 557056K
  class space    used 14520K, committed 15104K, reserved 425984K
}
Event: 61.536 GC heap before
{Heap before GC invocations=45 (full 0):
 garbage-first heap   total 432128K, used 336896K [0x0000000080000000, 0x0000000100000000)
  region size 1024K, 164 young (167936K), 15 survivors (15360K)
 Metaspace       used 104055K, committed 105280K, reserved 557056K
  class space    used 14618K, committed 15232K, reserved 425984K
}
Event: 61.580 GC heap after
{Heap after GC invocations=46 (full 0):
 garbage-first heap   total 432128K, used 212480K [0x0000000080000000, 0x0000000100000000)
  region size 1024K, 21 young (21504K), 21 survivors (21504K)
 Metaspace       used 104055K, committed 105280K, reserved 557056K
  class space    used 14618K, committed 15232K, reserved 425984K
}
Event: 64.687 GC heap before
{Heap before GC invocations=46 (full 0):
 garbage-first heap   total 432128K, used 336384K [0x0000000080000000, 0x0000000100000000)
  region size 1024K, 142 young (145408K), 21 survivors (21504K)
 Metaspace       used 109030K, committed 110272K, reserved 557056K
  class space    used 15270K, committed 15872K, reserved 425984K
}
Event: 64.734 GC heap after
{Heap after GC invocations=47 (full 0):
 garbage-first heap   total 432128K, used 229826K [0x0000000080000000, 0x0000000100000000)
  region size 1024K, 15 young (15360K), 15 survivors (15360K)
 Metaspace       used 109030K, committed 110272K, reserved 557056K
  class space    used 15270K, committed 15872K, reserved 425984K
}
Event: 66.383 GC heap before
{Heap before GC invocations=47 (full 0):
 garbage-first heap   total 432128K, used 341442K [0x0000000080000000, 0x0000000100000000)
  region size 1024K, 125 young (128000K), 15 survivors (15360K)
 Metaspace       used 109646K, committed 110912K, reserved 557056K
  class space    used 15334K, committed 15936K, reserved 425984K
}
Event: 66.420 GC heap after
{Heap after GC invocations=48 (full 0):
 garbage-first heap   total 432128K, used 242391K [0x0000000080000000, 0x0000000100000000)
  region size 1024K, 12 young (12288K), 12 survivors (12288K)
 Metaspace       used 109646K, committed 110912K, reserved 557056K
  class space    used 15334K, committed 15936K, reserved 425984K
}
Event: 67.690 GC heap before
{Heap before GC invocations=48 (full 0):
 garbage-first heap   total 432128K, used 345815K [0x0000000080000000, 0x0000000100000000)
  region size 1024K, 114 young (116736K), 12 survivors (12288K)
 Metaspace       used 109969K, committed 111296K, reserved 557056K
  class space    used 15372K, committed 16000K, reserved 425984K
}
Event: 67.716 GC heap after
{Heap after GC invocations=49 (full 0):
 garbage-first heap   total 432128K, used 247113K [0x0000000080000000, 0x0000000100000000)
  region size 1024K, 7 young (7168K), 7 survivors (7168K)
 Metaspace       used 109969K, committed 111296K, reserved 557056K
  class space    used 15372K, committed 16000K, reserved 425984K
}
Event: 69.299 GC heap before
{Heap before GC invocations=49 (full 0):
 garbage-first heap   total 432128K, used 351561K [0x0000000080000000, 0x0000000100000000)
  region size 1024K, 109 young (111616K), 7 survivors (7168K)
 Metaspace       used 109969K, committed 111296K, reserved 557056K
  class space    used 15372K, committed 16000K, reserved 425984K
}
Event: 69.308 GC heap after
{Heap after GC invocations=50 (full 0):
 garbage-first heap   total 432128K, used 248036K [0x0000000080000000, 0x0000000100000000)
  region size 1024K, 8 young (8192K), 8 survivors (8192K)
 Metaspace       used 109969K, committed 111296K, reserved 557056K
  class space    used 15372K, committed 16000K, reserved 425984K
}

