# JRE version: OpenJDK Runtime Environment Microsoft-8035246 (17.0.8+7) (build 17.0.8+7-LTS)
# Java VM: OpenJDK 64-Bit Server VM Microsoft-8035246 (17.0.8+7-LTS, mixed mode, sharing, tiered, compressed oops, compressed class ptrs, g1 gc, windows-amd64)
GC Precious Log:
 CPUs: 8 total, 8 available
 Memory: 8046M
 Large Page Support: Disabled
 NUMA Support: Disabled
 Compressed Oops: Enabled (32-bit)
 Heap Region Size: 1M
 Heap Min Capacity: 8M
 Heap Initial Capacity: 126M
 Heap Max Capacity: 2G
 Pre-touch: Disabled
 Parallel Workers: 8
 Concurrent Workers: 2
 Concurrent Refinement Workers: 8
 Periodic GC: Disabled
Heap:
 garbage-first heap   total 334848K, used 258020K [0x0000000080000000, 0x0000000100000000)
  region size 1024K, 14 young (14336K), 4 survivors (4096K)
 Metaspace       used 110013K, committed 111360K, reserved 557056K
  class space    used 15397K, committed 16064K, reserved 425984K
GC Heap History (20 events):
Event: 78.402 GC heap before
{Heap before GC invocations=59 (full 0):
 garbage-first heap   total 278528K, used 240792K [0x0000000080000000, 0x0000000100000000)
  region size 1024K, 21 young (21504K), 3 survivors (3072K)
 Metaspace       used 108461K, committed 109760K, reserved 557056K
  class space    used 15240K, committed 15872K, reserved 425984K
}
Event: 78.413 GC heap after
{Heap after GC invocations=60 (full 0):
 garbage-first heap   total 278528K, used 226578K [0x0000000080000000, 0x0000000100000000)
  region size 1024K, 3 young (3072K), 3 survivors (3072K)
 Metaspace       used 108461K, committed 109760K, reserved 557056K
  class space    used 15240K, committed 15872K, reserved 425984K
}
Event: 78.658 GC heap before
{Heap before GC invocations=60 (full 0):
 garbage-first heap   total 278528K, used 240914K [0x0000000080000000, 0x0000000100000000)
  region size 1024K, 17 young (17408K), 3 survivors (3072K)
 Metaspace       used 108769K, committed 110016K, reserved 557056K
  class space    used 15276K, committed 15872K, reserved 425984K
}
Event: 78.665 GC heap after
{Heap after GC invocations=61 (full 0):
 garbage-first heap   total 278528K, used 229269K [0x0000000080000000, 0x0000000100000000)
  region size 1024K, 3 young (3072K), 3 survivors (3072K)
 Metaspace       used 108769K, committed 110016K, reserved 557056K
  class space    used 15276K, committed 15872K, reserved 425984K
}
Event: 78.878 GC heap before
{Heap before GC invocations=61 (full 0):
 garbage-first heap   total 278528K, used 241557K [0x0000000080000000, 0x0000000100000000)
  region size 1024K, 15 young (15360K), 3 survivors (3072K)
 Metaspace       used 108932K, committed 110272K, reserved 557056K
  class space    used 15290K, committed 15936K, reserved 425984K
}
Event: 78.884 GC heap after
{Heap after GC invocations=62 (full 0):
 garbage-first heap   total 278528K, used 230721K [0x0000000080000000, 0x0000000100000000)
  region size 1024K, 2 young (2048K), 2 survivors (2048K)
 Metaspace       used 108932K, committed 110272K, reserved 557056K
  class space    used 15290K, committed 15936K, reserved 425984K
}
Event: 79.100 GC heap before
{Heap before GC invocations=62 (full 0):
 garbage-first heap   total 278528K, used 243009K [0x0000000080000000, 0x0000000100000000)
  region size 1024K, 14 young (14336K), 2 survivors (2048K)
 Metaspace       used 109019K, committed 110336K, reserved 557056K
  class space    used 15290K, committed 15936K, reserved 425984K
}
Event: 79.105 GC heap after
{Heap after GC invocations=63 (full 0):
 garbage-first heap   total 334848K, used 231978K [0x0000000080000000, 0x0000000100000000)
  region size 1024K, 2 young (2048K), 2 survivors (2048K)
 Metaspace       used 109019K, committed 110336K, reserved 557056K
  class space    used 15290K, committed 15936K, reserved 425984K
}
Event: 80.095 GC heap before
{Heap before GC invocations=63 (full 0):
 garbage-first heap   total 334848K, used 282154K [0x0000000080000000, 0x0000000100000000)
  region size 1024K, 51 young (52224K), 2 survivors (2048K)
 Metaspace       used 109201K, committed 110528K, reserved 557056K
  class space    used 15293K, committed 15936K, reserved 425984K
}
Event: 80.161 GC heap after
{Heap after GC invocations=64 (full 0):
 garbage-first heap   total 334848K, used 236062K [0x0000000080000000, 0x0000000100000000)
  region size 1024K, 6 young (6144K), 6 survivors (6144K)
 Metaspace       used 109201K, committed 110528K, reserved 557056K
  class space    used 15293K, committed 15936K, reserved 425984K
}
Event: 81.476 GC heap before
{Heap before GC invocations=64 (full 0):
 garbage-first heap   total 334848K, used 283166K [0x0000000080000000, 0x0000000100000000)
  region size 1024K, 53 young (54272K), 6 survivors (6144K)
 Metaspace       used 109623K, committed 110976K, reserved 557056K
  class space    used 15351K, committed 16000K, reserved 425984K
}
Event: 81.493 GC heap after
{Heap after GC invocations=65 (full 0):
 garbage-first heap   total 334848K, used 242715K [0x0000000080000000, 0x0000000100000000)
  region size 1024K, 7 young (7168K), 7 survivors (7168K)
 Metaspace       used 109623K, committed 110976K, reserved 557056K
  class space    used 15351K, committed 16000K, reserved 425984K
}
Event: 82.731 GC heap before
{Heap before GC invocations=65 (full 0):
 garbage-first heap   total 334848K, used 283675K [0x0000000080000000, 0x0000000100000000)
  region size 1024K, 48 young (49152K), 7 survivors (7168K)
 Metaspace       used 109936K, committed 111232K, reserved 557056K
  class space    used 15390K, committed 16000K, reserved 425984K
}
Event: 82.750 GC heap after
{Heap after GC invocations=66 (full 0):
 garbage-first heap   total 334848K, used 244465K [0x0000000080000000, 0x0000000100000000)
  region size 1024K, 4 young (4096K), 4 survivors (4096K)
 Metaspace       used 109936K, committed 111232K, reserved 557056K
  class space    used 15390K, committed 16000K, reserved 425984K
}
Event: 83.243 GC heap before
{Heap before GC invocations=66 (full 0):
 garbage-first heap   total 334848K, used 285425K [0x0000000080000000, 0x0000000100000000)
  region size 1024K, 45 young (46080K), 4 survivors (4096K)
 Metaspace       used 110008K, committed 111360K, reserved 557056K
  class space    used 15396K, committed 16064K, reserved 425984K
}
Event: 83.249 GC heap after
{Heap after GC invocations=67 (full 0):
 garbage-first heap   total 334848K, used 245886K [0x0000000080000000, 0x0000000100000000)
  region size 1024K, 4 young (4096K), 4 survivors (4096K)
 Metaspace       used 110008K, committed 111360K, reserved 557056K
  class space    used 15396K, committed 16064K, reserved 425984K
}
Event: 83.679 GC heap before
{Heap before GC invocations=67 (full 0):
 garbage-first heap   total 334848K, used 285822K [0x0000000080000000, 0x0000000100000000)
  region size 1024K, 44 young (45056K), 4 survivors (4096K)
 Metaspace       used 110009K, committed 111360K, reserved 557056K
  class space    used 15396K, committed 16064K, reserved 425984K
}
Event: 83.685 GC heap after
{Heap after GC invocations=68 (full 0):
 garbage-first heap   total 334848K, used 247029K [0x0000000080000000, 0x0000000100000000)
  region size 1024K, 4 young (4096K), 4 survivors (4096K)
 Metaspace       used 110009K, committed 111360K, reserved 557056K
  class space    used 15396K, committed 16064K, reserved 425984K
}
Event: 84.433 GC heap before
{Heap before GC invocations=68 (full 0):
 garbage-first heap   total 334848K, used 287989K [0x0000000080000000, 0x0000000100000000)
  region size 1024K, 44 young (45056K), 4 survivors (4096K)
 Metaspace       used 110009K, committed 111360K, reserved 557056K
  class space    used 15396K, committed 16064K, reserved 425984K
}
Event: 84.438 GC heap after
{Heap after GC invocations=69 (full 0):
 garbage-first heap   total 334848K, used 248128K [0x0000000080000000, 0x0000000100000000)
  region size 1024K, 4 young (4096K), 4 survivors (4096K)
 Metaspace       used 110009K, committed 111360K, reserved 557056K
  class space    used 15396K, committed 16064K, reserved 425984K
}

